<?xml version="1.0" encoding="UTF-8"?>
<testsuite xmlns:xsi="http://www.w3.org/2001/XMLSchema-instance" xsi:noNamespaceSchemaLocation="https://maven.apache.org/surefire/maven-surefire-plugin/xsd/surefire-test-report.xsd" name="com.vadas.service.TodoServiceTest" time="8.367" tests="1" errors="1" skipped="0" failures="0">
  <properties>
    <property name="java.specification.version" value="13"/>
    <property name="sun.cpu.isalist" value="amd64"/>
    <property name="sun.jnu.encoding" value="Cp1250"/>
    <property name="java.class.path" value="D:\xYxxYy\git\todo-app\target\test-classes;D:\xYxxYy\git\todo-app\target\classes;C:\Users\VADAS\.m2\repository\javax\javaee-api\8.0\javaee-api-8.0.jar;C:\Users\VADAS\.m2\repository\com\sun\mail\javax.mail\1.6.0\javax.mail-1.6.0.jar;C:\Users\VADAS\.m2\repository\javax\activation\activation\1.1\activation-1.1.jar;C:\Users\VADAS\.m2\repository\io\jsonwebtoken\jjwt\0.9.1\jjwt-0.9.1.jar;C:\Users\VADAS\.m2\repository\com\fasterxml\jackson\core\jackson-databind\2.9.6\jackson-databind-2.9.6.jar;C:\Users\VADAS\.m2\repository\com\fasterxml\jackson\core\jackson-annotations\2.9.0\jackson-annotations-2.9.0.jar;C:\Users\VADAS\.m2\repository\com\fasterxml\jackson\core\jackson-core\2.9.6\jackson-core-2.9.6.jar;C:\Users\VADAS\.m2\repository\org\apache\shiro\shiro-core\1.5.0\shiro-core-1.5.0.jar;C:\Users\VADAS\.m2\repository\org\apache\shiro\shiro-lang\1.5.0\shiro-lang-1.5.0.jar;C:\Users\VADAS\.m2\repository\org\apache\shiro\shiro-cache\1.5.0\shiro-cache-1.5.0.jar;C:\Users\VADAS\.m2\repository\org\apache\shiro\shiro-crypto-hash\1.5.0\shiro-crypto-hash-1.5.0.jar;C:\Users\VADAS\.m2\repository\org\apache\shiro\shiro-crypto-core\1.5.0\shiro-crypto-core-1.5.0.jar;C:\Users\VADAS\.m2\repository\org\apache\shiro\shiro-crypto-cipher\1.5.0\shiro-crypto-cipher-1.5.0.jar;C:\Users\VADAS\.m2\repository\org\apache\shiro\shiro-config-core\1.5.0\shiro-config-core-1.5.0.jar;C:\Users\VADAS\.m2\repository\org\apache\shiro\shiro-config-ogdl\1.5.0\shiro-config-ogdl-1.5.0.jar;C:\Users\VADAS\.m2\repository\commons-beanutils\commons-beanutils\1.9.4\commons-beanutils-1.9.4.jar;C:\Users\VADAS\.m2\repository\commons-collections\commons-collections\3.2.2\commons-collections-3.2.2.jar;C:\Users\VADAS\.m2\repository\org\apache\shiro\shiro-event\1.5.0\shiro-event-1.5.0.jar;C:\Users\VADAS\.m2\repository\org\slf4j\slf4j-simple\1.8.0-beta2\slf4j-simple-1.8.0-beta2.jar;C:\Users\VADAS\.m2\repository\org\slf4j\slf4j-api\1.8.0-beta2\slf4j-api-1.8.0-beta2.jar;C:\Users\VADAS\.m2\repository\org\jboss\arquillian\junit\arquillian-junit-container\1.4.0.Final\arquillian-junit-container-1.4.0.Final.jar;C:\Users\VADAS\.m2\repository\org\jboss\arquillian\junit\arquillian-junit-core\1.4.0.Final\arquillian-junit-core-1.4.0.Final.jar;C:\Users\VADAS\.m2\repository\org\jboss\arquillian\test\arquillian-test-api\1.4.0.Final\arquillian-test-api-1.4.0.Final.jar;C:\Users\VADAS\.m2\repository\org\jboss\arquillian\core\arquillian-core-api\1.4.0.Final\arquillian-core-api-1.4.0.Final.jar;C:\Users\VADAS\.m2\repository\org\jboss\arquillian\test\arquillian-test-spi\1.4.0.Final\arquillian-test-spi-1.4.0.Final.jar;C:\Users\VADAS\.m2\repository\org\jboss\arquillian\core\arquillian-core-spi\1.4.0.Final\arquillian-core-spi-1.4.0.Final.jar;C:\Users\VADAS\.m2\repository\org\jboss\arquillian\container\arquillian-container-test-api\1.4.0.Final\arquillian-container-test-api-1.4.0.Final.jar;C:\Users\VADAS\.m2\repository\org\jboss\shrinkwrap\shrinkwrap-api\1.2.6\shrinkwrap-api-1.2.6.jar;C:\Users\VADAS\.m2\repository\org\jboss\shrinkwrap\descriptors\shrinkwrap-descriptors-api-base\2.0.0\shrinkwrap-descriptors-api-base-2.0.0.jar;C:\Users\VADAS\.m2\repository\org\jboss\arquillian\container\arquillian-container-test-spi\1.4.0.Final\arquillian-container-test-spi-1.4.0.Final.jar;C:\Users\VADAS\.m2\repository\org\jboss\arquillian\core\arquillian-core-impl-base\1.4.0.Final\arquillian-core-impl-base-1.4.0.Final.jar;C:\Users\VADAS\.m2\repository\org\jboss\arquillian\test\arquillian-test-impl-base\1.4.0.Final\arquillian-test-impl-base-1.4.0.Final.jar;C:\Users\VADAS\.m2\repository\org\jboss\arquillian\container\arquillian-container-impl-base\1.4.0.Final\arquillian-container-impl-base-1.4.0.Final.jar;C:\Users\VADAS\.m2\repository\org\jboss\arquillian\config\arquillian-config-api\1.4.0.Final\arquillian-config-api-1.4.0.Final.jar;C:\Users\VADAS\.m2\repository\org\jboss\arquillian\config\arquillian-config-impl-base\1.4.0.Final\arquillian-config-impl-base-1.4.0.Final.jar;C:\Users\VADAS\.m2\repository\org\jboss\arquillian\config\arquillian-config-spi\1.4.0.Final\arquillian-config-spi-1.4.0.Final.jar;C:\Users\VADAS\.m2\repository\org\jboss\shrinkwrap\descriptors\shrinkwrap-descriptors-spi\2.0.0\shrinkwrap-descriptors-spi-2.0.0.jar;C:\Users\VADAS\.m2\repository\org\jboss\arquillian\container\arquillian-container-test-impl-base\1.4.0.Final\arquillian-container-test-impl-base-1.4.0.Final.jar;C:\Users\VADAS\.m2\repository\org\jboss\shrinkwrap\shrinkwrap-impl-base\1.2.6\shrinkwrap-impl-base-1.2.6.jar;C:\Users\VADAS\.m2\repository\org\jboss\shrinkwrap\shrinkwrap-spi\1.2.6\shrinkwrap-spi-1.2.6.jar;C:\Users\VADAS\.m2\repository\fish\payara\arquillian\arquillian-payara-server-embedded\1.1\arquillian-payara-server-embedded-1.1.jar;C:\Users\VADAS\.m2\repository\org\jboss\arquillian\container\arquillian-container-spi\1.4.0.Final\arquillian-container-spi-1.4.0.Final.jar;C:\Users\VADAS\.m2\repository\org\jboss\arquillian\protocol\arquillian-protocol-servlet\1.4.0.Final\arquillian-protocol-servlet-1.4.0.Final.jar;C:\Users\VADAS\.m2\repository\org\jboss\arquillian\testenricher\arquillian-testenricher-cdi\1.4.0.Final\arquillian-testenricher-cdi-1.4.0.Final.jar;C:\Users\VADAS\.m2\repository\org\jboss\arquillian\testenricher\arquillian-testenricher-ejb\1.4.0.Final\arquillian-testenricher-ejb-1.4.0.Final.jar;C:\Users\VADAS\.m2\repository\org\jboss\arquillian\testenricher\arquillian-testenricher-resource\1.4.0.Final\arquillian-testenricher-resource-1.4.0.Final.jar;C:\Users\VADAS\.m2\repository\org\jboss\arquillian\testenricher\arquillian-testenricher-initialcontext\1.4.0.Final\arquillian-testenricher-initialcontext-1.4.0.Final.jar;C:\Users\VADAS\.m2\repository\fish\payara\extras\payara-embedded-all\5.194\payara-embedded-all-5.194.jar;C:\Users\VADAS\.m2\repository\junit\junit\4.13\junit-4.13.jar;C:\Users\VADAS\.m2\repository\org\hamcrest\hamcrest-core\1.3\hamcrest-core-1.3.jar;"/>
    <property name="java.vm.vendor" value="Oracle Corporation"/>
    <property name="sun.arch.data.model" value="64"/>
    <property name="user.variant" value=""/>
    <property name="java.vendor.url" value="https://java.oracle.com/"/>
    <property name="user.timezone" value="Europe/Amsterdam"/>
    <property name="os.name" value="Windows 10"/>
    <property name="java.vm.specification.version" value="13"/>
    <property name="sun.java.launcher" value="SUN_STANDARD"/>
    <property name="user.country" value="HU"/>
    <property name="sun.boot.library.path" value="C:\Program Files\Java\jdk-13.0.1\bin"/>
    <property name="sun.java.command" value="C:\Users\VADAS\AppData\Local\Temp\surefire1163239951522847124\surefirebooter240389400191379183.jar C:\Users\VADAS\AppData\Local\Temp\surefire1163239951522847124 2020-02-21T19-23-26_890-jvmRun1 surefire8874325262859017033tmp surefire_05071799486352289978tmp"/>
    <property name="jdk.debug" value="release"/>
    <property name="surefire.test.class.path" value="D:\xYxxYy\git\todo-app\target\test-classes;D:\xYxxYy\git\todo-app\target\classes;C:\Users\VADAS\.m2\repository\javax\javaee-api\8.0\javaee-api-8.0.jar;C:\Users\VADAS\.m2\repository\com\sun\mail\javax.mail\1.6.0\javax.mail-1.6.0.jar;C:\Users\VADAS\.m2\repository\javax\activation\activation\1.1\activation-1.1.jar;C:\Users\VADAS\.m2\repository\io\jsonwebtoken\jjwt\0.9.1\jjwt-0.9.1.jar;C:\Users\VADAS\.m2\repository\com\fasterxml\jackson\core\jackson-databind\2.9.6\jackson-databind-2.9.6.jar;C:\Users\VADAS\.m2\repository\com\fasterxml\jackson\core\jackson-annotations\2.9.0\jackson-annotations-2.9.0.jar;C:\Users\VADAS\.m2\repository\com\fasterxml\jackson\core\jackson-core\2.9.6\jackson-core-2.9.6.jar;C:\Users\VADAS\.m2\repository\org\apache\shiro\shiro-core\1.5.0\shiro-core-1.5.0.jar;C:\Users\VADAS\.m2\repository\org\apache\shiro\shiro-lang\1.5.0\shiro-lang-1.5.0.jar;C:\Users\VADAS\.m2\repository\org\apache\shiro\shiro-cache\1.5.0\shiro-cache-1.5.0.jar;C:\Users\VADAS\.m2\repository\org\apache\shiro\shiro-crypto-hash\1.5.0\shiro-crypto-hash-1.5.0.jar;C:\Users\VADAS\.m2\repository\org\apache\shiro\shiro-crypto-core\1.5.0\shiro-crypto-core-1.5.0.jar;C:\Users\VADAS\.m2\repository\org\apache\shiro\shiro-crypto-cipher\1.5.0\shiro-crypto-cipher-1.5.0.jar;C:\Users\VADAS\.m2\repository\org\apache\shiro\shiro-config-core\1.5.0\shiro-config-core-1.5.0.jar;C:\Users\VADAS\.m2\repository\org\apache\shiro\shiro-config-ogdl\1.5.0\shiro-config-ogdl-1.5.0.jar;C:\Users\VADAS\.m2\repository\commons-beanutils\commons-beanutils\1.9.4\commons-beanutils-1.9.4.jar;C:\Users\VADAS\.m2\repository\commons-collections\commons-collections\3.2.2\commons-collections-3.2.2.jar;C:\Users\VADAS\.m2\repository\org\apache\shiro\shiro-event\1.5.0\shiro-event-1.5.0.jar;C:\Users\VADAS\.m2\repository\org\slf4j\slf4j-simple\1.8.0-beta2\slf4j-simple-1.8.0-beta2.jar;C:\Users\VADAS\.m2\repository\org\slf4j\slf4j-api\1.8.0-beta2\slf4j-api-1.8.0-beta2.jar;C:\Users\VADAS\.m2\repository\org\jboss\arquillian\junit\arquillian-junit-container\1.4.0.Final\arquillian-junit-container-1.4.0.Final.jar;C:\Users\VADAS\.m2\repository\org\jboss\arquillian\junit\arquillian-junit-core\1.4.0.Final\arquillian-junit-core-1.4.0.Final.jar;C:\Users\VADAS\.m2\repository\org\jboss\arquillian\test\arquillian-test-api\1.4.0.Final\arquillian-test-api-1.4.0.Final.jar;C:\Users\VADAS\.m2\repository\org\jboss\arquillian\core\arquillian-core-api\1.4.0.Final\arquillian-core-api-1.4.0.Final.jar;C:\Users\VADAS\.m2\repository\org\jboss\arquillian\test\arquillian-test-spi\1.4.0.Final\arquillian-test-spi-1.4.0.Final.jar;C:\Users\VADAS\.m2\repository\org\jboss\arquillian\core\arquillian-core-spi\1.4.0.Final\arquillian-core-spi-1.4.0.Final.jar;C:\Users\VADAS\.m2\repository\org\jboss\arquillian\container\arquillian-container-test-api\1.4.0.Final\arquillian-container-test-api-1.4.0.Final.jar;C:\Users\VADAS\.m2\repository\org\jboss\shrinkwrap\shrinkwrap-api\1.2.6\shrinkwrap-api-1.2.6.jar;C:\Users\VADAS\.m2\repository\org\jboss\shrinkwrap\descriptors\shrinkwrap-descriptors-api-base\2.0.0\shrinkwrap-descriptors-api-base-2.0.0.jar;C:\Users\VADAS\.m2\repository\org\jboss\arquillian\container\arquillian-container-test-spi\1.4.0.Final\arquillian-container-test-spi-1.4.0.Final.jar;C:\Users\VADAS\.m2\repository\org\jboss\arquillian\core\arquillian-core-impl-base\1.4.0.Final\arquillian-core-impl-base-1.4.0.Final.jar;C:\Users\VADAS\.m2\repository\org\jboss\arquillian\test\arquillian-test-impl-base\1.4.0.Final\arquillian-test-impl-base-1.4.0.Final.jar;C:\Users\VADAS\.m2\repository\org\jboss\arquillian\container\arquillian-container-impl-base\1.4.0.Final\arquillian-container-impl-base-1.4.0.Final.jar;C:\Users\VADAS\.m2\repository\org\jboss\arquillian\config\arquillian-config-api\1.4.0.Final\arquillian-config-api-1.4.0.Final.jar;C:\Users\VADAS\.m2\repository\org\jboss\arquillian\config\arquillian-config-impl-base\1.4.0.Final\arquillian-config-impl-base-1.4.0.Final.jar;C:\Users\VADAS\.m2\repository\org\jboss\arquillian\config\arquillian-config-spi\1.4.0.Final\arquillian-config-spi-1.4.0.Final.jar;C:\Users\VADAS\.m2\repository\org\jboss\shrinkwrap\descriptors\shrinkwrap-descriptors-spi\2.0.0\shrinkwrap-descriptors-spi-2.0.0.jar;C:\Users\VADAS\.m2\repository\org\jboss\arquillian\container\arquillian-container-test-impl-base\1.4.0.Final\arquillian-container-test-impl-base-1.4.0.Final.jar;C:\Users\VADAS\.m2\repository\org\jboss\shrinkwrap\shrinkwrap-impl-base\1.2.6\shrinkwrap-impl-base-1.2.6.jar;C:\Users\VADAS\.m2\repository\org\jboss\shrinkwrap\shrinkwrap-spi\1.2.6\shrinkwrap-spi-1.2.6.jar;C:\Users\VADAS\.m2\repository\fish\payara\arquillian\arquillian-payara-server-embedded\1.1\arquillian-payara-server-embedded-1.1.jar;C:\Users\VADAS\.m2\repository\org\jboss\arquillian\container\arquillian-container-spi\1.4.0.Final\arquillian-container-spi-1.4.0.Final.jar;C:\Users\VADAS\.m2\repository\org\jboss\arquillian\protocol\arquillian-protocol-servlet\1.4.0.Final\arquillian-protocol-servlet-1.4.0.Final.jar;C:\Users\VADAS\.m2\repository\org\jboss\arquillian\testenricher\arquillian-testenricher-cdi\1.4.0.Final\arquillian-testenricher-cdi-1.4.0.Final.jar;C:\Users\VADAS\.m2\repository\org\jboss\arquillian\testenricher\arquillian-testenricher-ejb\1.4.0.Final\arquillian-testenricher-ejb-1.4.0.Final.jar;C:\Users\VADAS\.m2\repository\org\jboss\arquillian\testenricher\arquillian-testenricher-resource\1.4.0.Final\arquillian-testenricher-resource-1.4.0.Final.jar;C:\Users\VADAS\.m2\repository\org\jboss\arquillian\testenricher\arquillian-testenricher-initialcontext\1.4.0.Final\arquillian-testenricher-initialcontext-1.4.0.Final.jar;C:\Users\VADAS\.m2\repository\fish\payara\extras\payara-embedded-all\5.194\payara-embedded-all-5.194.jar;C:\Users\VADAS\.m2\repository\junit\junit\4.13\junit-4.13.jar;C:\Users\VADAS\.m2\repository\org\hamcrest\hamcrest-core\1.3\hamcrest-core-1.3.jar;"/>
    <property name="sun.cpu.endian" value="little"/>
    <property name="user.home" value="C:\Users\VADAS"/>
    <property name="user.language" value="hu"/>
    <property name="java.specification.vendor" value="Oracle Corporation"/>
    <property name="java.version.date" value="2019-10-15"/>
    <property name="java.home" value="C:\Program Files\Java\jdk-13.0.1"/>
    <property name="file.separator" value="\"/>
    <property name="basedir" value="D:\xYxxYy\git\todo-app"/>
    <property name="java.vm.compressedOopsMode" value="Zero based"/>
    <property name="line.separator" value="&#10;"/>
    <property name="java.vm.specification.vendor" value="Oracle Corporation"/>
    <property name="java.specification.name" value="Java Platform API Specification"/>
    <property name="surefire.real.class.path" value="C:\Users\VADAS\AppData\Local\Temp\surefire1163239951522847124\surefirebooter240389400191379183.jar"/>
    <property name="user.script" value=""/>
    <property name="sun.management.compiler" value="HotSpot 64-Bit Tiered Compilers"/>
    <property name="java.runtime.version" value="13.0.1+9"/>
    <property name="user.name" value="VADAS"/>
    <property name="path.separator" value=";"/>
    <property name="os.version" value="10.0"/>
    <property name="java.runtime.name" value="Java(TM) SE Runtime Environment"/>
    <property name="file.encoding" value="Cp1250"/>
    <property name="java.vm.name" value="Java HotSpot(TM) 64-Bit Server VM"/>
    <property name="localRepository" value="C:\Users\VADAS\.m2\repository"/>
    <property name="java.vendor.url.bug" value="https://bugreport.java.com/bugreport/"/>
    <property name="java.io.tmpdir" value="C:\Users\VADAS\AppData\Local\Temp\"/>
    <property name="java.version" value="13.0.1"/>
    <property name="user.dir" value="D:\xYxxYy\git\todo-app"/>
    <property name="os.arch" value="amd64"/>
    <property name="java.vm.specification.name" value="Java Virtual Machine Specification"/>
    <property name="sun.os.patch.level" value=""/>
    <property name="java.library.path" value="C:\Program Files\Java\jdk-13.0.1\bin;C:\Windows\Sun\Java\bin;C:\Windows\system32;C:\Windows;C:\Program Files (x86)\Common Files\Oracle\Java\javapath;C:\Windows\system32;C:\Windows;C:\Windows\System32\Wbem;C:\Windows\System32\WindowsPowerShell\v1.0\;C:\Windows\System32\OpenSSH\;C:\Program Files\Intel\WiFi\bin\;C:\Program Files\Common Files\Intel\WirelessCommon\;C:\Program Files\Git\cmd;C:\Program Files\Java\jdk-13.0.1;C:\Program Files\MySQL\MySQL Shell 8.0\bin\;C:\Users\VADAS\AppData\Local\Microsoft\WindowsApps;C:\Program Files\JetBrains\IntelliJ IDEA Community Edition 2019.2.4\bin;;C:\Users\VADAS\AppData\Local\Programs\Microsoft VS Code\bin;C:\Program Files\Java\jdk-13.0.1;C:\Program Files\Java\jdk-13.0.1\bin;C:\Users\VADAS\Downloads\apache-ant-1.9.14\bin;C:\Users\VADAS\Maven\apache-maven-3.6.3\bin;;."/>
    <property name="java.vm.info" value="mixed mode, sharing"/>
    <property name="java.vendor" value="Oracle Corporation"/>
    <property name="java.vm.version" value="13.0.1+9"/>
    <property name="sun.io.unicode.encoding" value="UnicodeLittle"/>
    <property name="java.class.version" value="57.0"/>
  </properties>
  <testcase name="com.vadas.service.TodoServiceTest" classname="com.vadas.service.TodoServiceTest" time="8.351">
    <error message="org.jboss.arquillian.protocol.servlet.v_3.ServletProtocolDeploymentPackager can not handle archive of type org.jboss.shrinkwrap.impl.base.spec.JavaArchiveImpl" type="java.lang.IllegalArgumentException">java.lang.IllegalArgumentException: org.jboss.arquillian.protocol.servlet.v_3.ServletProtocolDeploymentPackager can not handle archive of type org.jboss.shrinkwrap.impl.base.spec.JavaArchiveImpl
</error>
    <system-err><![CDATA[febr. 21, 2020 7:23:29 DU. com.sun.enterprise.v3.server.CommonClassLoaderServiceImpl findDerbyClient
INFO: Cannot find javadb client jar file, derby jdbc driver will not be available by default.
febr. 21, 2020 7:23:29 DU. com.sun.enterprise.v3.server.CommonClassLoaderServiceImpl findH2Client
INFO: Cannot find h2db client jar file, h2 jdbc driver will not be available by default.
febr. 21, 2020 7:23:30 DU. org.hibernate.validator.internal.util.Version <clinit>
INFO: HV000001: Hibernate Validator null
febr. 21, 2020 7:23:31 DU. com.sun.enterprise.v3.services.impl.GrizzlyProxy start0
INFO: Network Listener http-listener started in: 200ms - bound to [/0.0.0.0:8181]
febr. 21, 2020 7:23:31 DU. org.glassfish.grizzly.http2.Http2AddOn setup
WARNING: TLS ALPN (Application-Layer Protocol Negotiation) support is not available. HTTP/2 support will not be enabled.
febr. 21, 2020 7:23:31 DU. com.sun.enterprise.v3.services.impl.GrizzlyProxy start0
INFO: Network Listener https-listener started in: 0ms - bound to [/0.0.0.0:8182]
febr. 21, 2020 7:23:31 DU. com.sun.enterprise.v3.services.impl.GrizzlyProxy start0
INFO: Network Listener admin-listener started in: 0ms - bound to [/0.0.0.0:4848]
febr. 21, 2020 7:23:31 DU. com.sun.enterprise.v3.services.impl.GrizzlyService postConstruct
INFO: Grizzly 2.4.3 started in: 526ms - bound to [http-listener:8181, https-listener:8182, admin-listener:4848]
febr. 21, 2020 7:23:31 DU. com.hazelcast.instance.AddressPicker
INFO: [LOCAL] [development] [3.12] Using bind address: /192.168.56.1:4900
febr. 21, 2020 7:23:31 DU. com.hazelcast.instance.AddressPicker
INFO: [LOCAL] [development] [3.12] Using public address: /192.168.56.1:4900
febr. 21, 2020 7:23:31 DU. com.hazelcast.system
INFO: [192.168.56.1]:4900 [development] [3.12] Hazelcast 3.12 (20190409 - 915d83a) starting at [192.168.56.1]:4900
febr. 21, 2020 7:23:31 DU. com.hazelcast.system
INFO: [192.168.56.1]:4900 [development] [3.12] Copyright (c) 2008-2019, Hazelcast, Inc. All Rights Reserved.
febr. 21, 2020 7:23:31 DU. com.hazelcast.instance.Node
INFO: [192.168.56.1]:4900 [development] [3.12] A non-empty group password is configured for the Hazelcast member. Since version 3.8.2, members with the same group name, but with different group passwords (that do not use authentication) form a cluster. The group password configuration will be removed completely in a future release.
febr. 21, 2020 7:23:32 DU. com.hazelcast.spi.impl.operationservice.impl.BackpressureRegulator
INFO: [192.168.56.1]:4900 [development] [3.12] Backpressure is disabled
febr. 21, 2020 7:23:32 DU. com.hazelcast.instance.Node
INFO: [192.168.56.1]:4900 [development] [3.12] Activating Discovery SPI Joiner
febr. 21, 2020 7:23:32 DU. com.hazelcast.spi.impl.operationexecutor.impl.OperationExecutorImpl
INFO: [192.168.56.1]:4900 [development] [3.12] Starting 8 partition threads and 5 generic threads (1 dedicated for priority tasks)
febr. 21, 2020 7:23:32 DU. com.hazelcast.internal.diagnostics.Diagnostics
INFO: [192.168.56.1]:4900 [development] [3.12] Diagnostics disabled. To enable add -Dhazelcast.diagnostics.enabled=true to the JVM arguments.
febr. 21, 2020 7:23:32 DU. com.hazelcast.core.LifecycleService
INFO: [192.168.56.1]:4900 [development] [3.12] [192.168.56.1]:4900 is STARTING
febr. 21, 2020 7:23:32 DU. com.hazelcast.nio.tcp.TcpIpConnector
INFO: [192.168.56.1]:4900 [development] [3.12] Connecting to /192.168.178.52:5900, timeout: 10000, bind-any: true
febr. 21, 2020 7:23:32 DU. com.hazelcast.nio.tcp.TcpIpConnector
INFO: [192.168.56.1]:4900 [development] [3.12] Connecting to /192.168.56.1:5900, timeout: 10000, bind-any: true
febr. 21, 2020 7:23:34 DU. com.hazelcast.nio.tcp.TcpIpConnector
INFO: [192.168.56.1]:4900 [development] [3.12] Could not connect to: /192.168.56.1:5900. Reason: SocketException[Connection refused: no further information to address /192.168.56.1:5900]
febr. 21, 2020 7:23:34 DU. com.hazelcast.nio.tcp.TcpIpConnector
INFO: [192.168.56.1]:4900 [development] [3.12] Could not connect to: /192.168.178.52:5900. Reason: SocketException[Connection refused: no further information to address /192.168.178.52:5900]
febr. 21, 2020 7:23:34 DU. com.hazelcast.internal.cluster.impl.DiscoveryJoiner
INFO: [192.168.56.1]:4900 [development] [3.12] [192.168.56.1]:5900 is added to the blacklist.
febr. 21, 2020 7:23:34 DU. com.hazelcast.internal.cluster.impl.DiscoveryJoiner
INFO: [192.168.56.1]:4900 [development] [3.12] [192.168.178.52]:5900 is added to the blacklist.
febr. 21, 2020 7:23:35 DU. com.hazelcast.internal.cluster.ClusterService
INFO: [192.168.56.1]:4900 [development] [3.12] 

Members {size:1, ver:1} [
	Member [192.168.56.1]:4900 - 8222100b-58c2-4270-9ed1-759aea43247a this
]

febr. 21, 2020 7:23:35 DU. com.hazelcast.internal.jmx.ManagementService
INFO: [192.168.56.1]:4900 [development] [3.12] Hazelcast JMX agent enabled.
febr. 21, 2020 7:23:36 DU. com.hazelcast.core.LifecycleService
INFO: [192.168.56.1]:4900 [development] [3.12] [192.168.56.1]:4900 is STARTED
febr. 21, 2020 7:23:36 DU. fish.payara.nucleus.hazelcast.HazelcastCore bindToJNDI
INFO: Hazelcast Instance Bound to JNDI at payara/Hazelcast
febr. 21, 2020 7:23:36 DU. fish.payara.nucleus.hazelcast.HazelcastCore bindToJNDI
INFO: JSR107 Caching Provider Bound to JNDI at payara/CachingProvider
febr. 21, 2020 7:23:36 DU. fish.payara.nucleus.hazelcast.HazelcastCore bindToJNDI
INFO: JSR107 Default Cache Manager Bound to JNDI at payara/CacheManager
febr. 21, 2020 7:23:36 DU. com.hazelcast.internal.partition.impl.PartitionStateManager
INFO: [192.168.56.1]:4900 [development] [3.12] Initializing cluster partition table arrangement...
febr. 21, 2020 7:23:36 DU. com.sun.enterprise.v3.services.impl.GrizzlyProxy start0
INFO: Network Listener iiop-service started in: 16ms - bound to [/0.0.0.0:3700]
febr. 21, 2020 7:23:36 DU. fish.payara.nucleus.cluster.PayaraCluster logClusterStatus
INFO: Data Grid Status 
Payara Data Grid State: DG Version: 35 DG Name: development DG Size: 1
Instances: {
 DataGrid: development Instance Group: MicroShoal Name: server Lite: false This: true UUID: 8222100b-58c2-4270-9ed1-759aea43247a Address: /192.168.56.1:4900
}
febr. 21, 2020 7:23:36 DU. com.sun.enterprise.v3.server.AppServerStartup postStartupJob
INFO: Undefined Product Name - define product and version info in config/branding  0.0.0  (0) startup time : Embedded (1 188ms), startup services(5 913ms), total(7 101ms)
febr. 21, 2020 7:23:36 DU. fish.payara.nucleus.notification.NotificationService bootstrapNotificationService
INFO: Payara Notification Service bootstrapped with configuration: NotificationExecutionOptions{enabled=true, notifierConfigurationExecutionOptionsList={LOG=LogNotifierConfigurationExecutionOptions{useSeparateLogFile=false} NotifierConfigurationExecutionOptions{notifierType=LOG, enabled=true, noisy=true}}}
febr. 21, 2020 7:23:36 DU. org.glassfish.admin.mbeanserver.JMXStartupService$JMXConnectorsStarterThread startConnector
INFO: JMXStartupService has started JMXConnector on JMXService URL service:jmx:rmi://0.0.0.0:8686/jndi/rmi://0.0.0.0:8686/jmxrmi
febr. 21, 2020 7:23:36 DU. com.sun.enterprise.connectors.jms.util.JmsRaUtil getInstalledMqVersion
WARNING: Check for a new version of MQ installation failed : C:\Users\VADAS\AppData\Local\Temp\gfembed12394119726731058008tmp\lib\install\applications\jmsra\..\imqjmsra.rar:C:\Users\VADAS\AppData\Local\Temp\gfembed12394119726731058008tmp\lib\install\applications\jmsra\imqjmsra.rar
febr. 21, 2020 7:23:36 DU. com.sun.enterprise.v3.services.impl.GrizzlyProxy start0
INFO: Network Listener JMS_PROXY_default_JMS_host started in: 0ms - bound to [/0.0.0.0:7676]
febr. 21, 2020 7:23:36 DU. org.jboss.arquillian.container.test.impl.client.deployment.AbstractDeploymentScenarioGenerator logWarningIfArchiveHasUnexpectedFileExtension
WARNING: Deployment archive of type JavaArchiveImpl has been given an unexpected file extension. Archive name: todo-app, deployment name: _DEFAULT_. It might not be wrong, but the container will rely on the given file extension, the archive type is only a description of a certain structure.
]]></system-err>
  </testcase>
</testsuite>